<?xml version="1.0" encoding="UTF-8"?>
<testsuite xmlns:xsi="http://www.w3.org/2001/XMLSchema-instance" xsi:noNamespaceSchemaLocation="https://maven.apache.org/surefire/maven-surefire-plugin/xsd/surefire-test-report.xsd" version="3.0.2" name="ws.demo.demo.DemoApplicationTests" time="2.274" tests="1" errors="0" skipped="0" failures="0">
  <properties>
[...]
</properties>
  <testcase name="contextLoads" classname="ws.demo.demo.DemoApplicationTests" time="0.486">
    <system-out><![CDATA[15:03:40.081 [main] INFO org.springframework.test.context.support.AnnotationConfigContextLoaderUtils -- Could not detect default configuration classes for test class [ws.demo.demo.DemoApplicationTests]: DemoApplicationTests does not declare any static, non-private, non-final, nested classes annotated with @Configuration.
15:03:40.167 [main] INFO org.springframework.boot.test.context.SpringBootTestContextBootstrapper -- Found @SpringBootConfiguration ws.demo.demo.DemoApplication for test class ws.demo.demo.DemoApplicationTests

  .   ____          _            __ _ _
 /\\ / ___'_ __ _ _(_)_ __  __ _ \ \ \ \
( ( )\___ | '_ | '_| | '_ \/ _` | \ \ \ \
 \\/  ___)| |_)| | | | | || (_| |  ) ) ) )
  '  |____| .__|_| |_|_| |_\__, | / / / /
 =========|_|==============|___/=/_/_/_/

 :: Spring Boot ::       (v4.0.1-SNAPSHOT)

{"@timestamp":"2025-12-22T15:03:40.5966611+03:00","@version":"1","message":"Starting DemoApplicationTests using Java 21.0.8 with PID 18556 (started by Muhtar in C:\\Users\\Muhta\\Downloads\\demo-rest\\ws)","logger_name":"ws.demo.demo.DemoApplicationTests","thread_name":"main","level":"INFO","level_value":20000,"tags":["COMMONS-LOGGING"]}
{"@timestamp":"2025-12-22T15:03:40.6043198+03:00","@version":"1","message":"No active profile set, falling back to 1 default profile: \"default\"","logger_name":"ws.demo.demo.DemoApplicationTests","thread_name":"main","level":"INFO","level_value":20000,"tags":["COMMONS-LOGGING"]}
{"@timestamp":"2025-12-22T15:03:41.6229577+03:00","@version":"1","message":"Exposing 13 endpoints beneath base path '/actuator'","logger_name":"org.springframework.boot.actuate.endpoint.web.EndpointLinksResolver","thread_name":"main","level":"INFO","level_value":20000,"tags":["COMMONS-LOGGING"]}
{"@timestamp":"2025-12-22T15:03:41.6650719+03:00","@version":"1","message":"Started DemoApplicationTests in 1.397 seconds (process running for 2.35)","logger_name":"ws.demo.demo.DemoApplicationTests","thread_name":"main","level":"INFO","level_value":20000,"tags":["COMMONS-LOGGING"]}
]]></system-out>
    <system-err><![CDATA[Mockito is currently self-attaching to enable the inline-mock-maker. This will no longer work in future releases of the JDK. Please add Mockito as an agent to your build as described in Mockito's documentation: https://javadoc.io/doc/org.mockito/mockito-core/latest/org.mockito/org/mockito/Mockito.html#0.3
WARNING: A Java agent has been loaded dynamically (C:\Users\Muhta\.m2\repository\net\bytebuddy\byte-buddy-agent\1.17.8\byte-buddy-agent-1.17.8.jar)
WARNING: If a serviceability tool is in use, please run with -XX:+EnableDynamicAgentLoading to hide this warning
WARNING: If a serviceability tool is not in use, please run with -Djdk.instrument.traceUsage for more information
WARNING: Dynamic loading of agents will be disallowed by default in a future release
]]></system-err>
  </testcase>
</testsuite>