<?xml version="1.0" encoding="UTF-8"?>
<testsuite xmlns:xsi="http://www.w3.org/2001/XMLSchema-instance" xsi:noNamespaceSchemaLocation="https://maven.apache.org/surefire/maven-surefire-plugin/xsd/surefire-test-report.xsd" version="3.0.2" name="edu.rutmiit.demo.demorest.DemoRestApplicationTests" time="4.731" tests="1" errors="0" skipped="0" failures="0">
  <properties>
[...]
</properties>
  <testcase name="contextLoads" classname="edu.rutmiit.demo.demorest.DemoRestApplicationTests" time="0.454">
    <system-out><![CDATA[16:24:10.792 [main] INFO org.springframework.test.context.support.AnnotationConfigContextLoaderUtils -- Could not detect default configuration classes for test class [edu.rutmiit.demo.demorest.DemoRestApplicationTests]: DemoRestApplicationTests does not declare any static, non-private, non-final, nested classes annotated with @Configuration.
16:24:10.909 [main] INFO org.springframework.boot.test.context.SpringBootTestContextBootstrapper -- Found @SpringBootConfiguration edu.rutmiit.demo.demorest.DemoRestApplication for test class edu.rutmiit.demo.demorest.DemoRestApplicationTests

  .   ____          _            __ _ _
 /\\ / ___'_ __ _ _(_)_ __  __ _ \ \ \ \
( ( )\___ | '_ | '_| | '_ \/ _` | \ \ \ \
 \\/  ___)| |_)| | | | | || (_| |  ) ) ) )
  '  |____| .__|_| |_|_| |_\__, | / / / /
 =========|_|==============|___/=/_/_/_/

 :: Spring Boot ::                (v3.5.6)

{"@timestamp":"2025-12-22T16:24:11.4779767+03:00","@version":"1","message":"Starting DemoRestApplicationTests using Java 21.0.8 with PID 21292 (started by Muhtar in C:\\Users\\Muhta\\Downloads\\demo-rest\\demo-rest)","logger_name":"edu.rutmiit.demo.demorest.DemoRestApplicationTests","thread_name":"main","level":"INFO","level_value":20000}
{"@timestamp":"2025-12-22T16:24:11.4856742+03:00","@version":"1","message":"No active profile set, falling back to 1 default profile: \"default\"","logger_name":"edu.rutmiit.demo.demorest.DemoRestApplicationTests","thread_name":"main","level":"INFO","level_value":20000}
{"@timestamp":"2025-12-22T16:24:13.271803+03:00","@version":"1","message":"Detected grpc-netty-shaded: Creating ShadedNettyChannelFactory + InProcessChannelFactory","logger_name":"net.devh.boot.grpc.client.autoconfigure.GrpcClientAutoConfiguration","thread_name":"main","level":"INFO","level_value":20000}
{"@timestamp":"2025-12-22T16:24:13.9783184+03:00","@version":"1","message":"Configuring GraphiQL to use GraphQL endpoint at '/graphql'","logger_name":"com.netflix.graphql.dgs.webmvc.autoconfigure.GraphiQLConfigurer","thread_name":"main","level":"INFO","level_value":20000}
{"@timestamp":"2025-12-22T16:24:14.7962634+03:00","@version":"1","message":"Exposing 13 endpoints beneath base path '/actuator'","logger_name":"org.springframework.boot.actuate.endpoint.web.EndpointLinksResolver","thread_name":"main","level":"INFO","level_value":20000}
{"@timestamp":"2025-12-22T16:24:14.8513472+03:00","@version":"1","message":"Attempting to connect to: [localhost:5672]","logger_name":"org.springframework.amqp.rabbit.connection.CachingConnectionFactory","thread_name":"main","level":"INFO","level_value":20000}
{"@timestamp":"2025-12-22T16:24:14.8559877+03:00","@version":"1","message":"Broker not available; cannot force queue declarations during start: java.net.ConnectException: Connection refused: getsockopt","logger_name":"org.springframework.amqp.rabbit.listener.SimpleMessageListenerContainer","thread_name":"main","level":"INFO","level_value":20000}
{"@timestamp":"2025-12-22T16:24:14.8611069+03:00","@version":"1","message":"Attempting to connect to: [localhost:5672]","logger_name":"org.springframework.amqp.rabbit.connection.CachingConnectionFactory","thread_name":"org.springframework.amqp.rabbit.RabbitListenerEndpointContainer#0-1","level":"INFO","level_value":20000}
{"@timestamp":"2025-12-22T16:24:14.8621392+03:00","@version":"1","message":"Failed to check/redeclare auto-delete queue(s).","logger_name":"org.springframework.amqp.rabbit.listener.SimpleMessageListenerContainer","thread_name":"org.springframework.amqp.rabbit.RabbitListenerEndpointContainer#0-1","level":"ERROR","level_value":40000,"stack_trace":"org.springframework.amqp.AmqpConnectException: java.net.ConnectException: Connection refused: getsockopt\r\n\tat org.springframework.amqp.rabbit.support.RabbitExceptionTranslator.convertRabbitAccessException(RabbitExceptionTranslator.java:61)\r\n\tat org.springframework.amqp.rabbit.connection.AbstractConnectionFactory.createBareConnection(AbstractConnectionFactory.java:632)\r\n\tat org.springframework.amqp.rabbit.connection.CachingConnectionFactory.createConnection(CachingConnectionFactory.java:726)\r\n\tat org.springframework.amqp.rabbit.connection.ConnectionFactoryUtils.createConnection(ConnectionFactoryUtils.java:257)\r\n\tat org.springframework.amqp.rabbit.core.RabbitTemplate.doExecute(RabbitTemplate.java:2261)\r\n\tat org.springframework.amqp.rabbit.core.RabbitTemplate.execute(RabbitTemplate.java:2234)\r\n\tat org.springframework.amqp.rabbit.core.RabbitTemplate.execute(RabbitTemplate.java:2214)\r\n\tat org.springframework.amqp.rabbit.core.RabbitAdmin.getQueueInfo(RabbitAdmin.java:467)\r\n\tat org.springframework.amqp.rabbit.core.RabbitAdmin.getQueueProperties(RabbitAdmin.java:451)\r\n\tat org.springframework.amqp.rabbit.listener.AbstractMessageListenerContainer.attemptDeclarations(AbstractMessageListenerContainer.java:1972)\r\n\tat org.springframework.amqp.rabbit.listener.AbstractMessageListenerContainer.redeclareElementsIfNecessary(AbstractMessageListenerContainer.java:1936)\r\n\tat org.springframework.amqp.rabbit.listener.SimpleMessageListenerContainer$AsyncMessageProcessingConsumer.initialize(SimpleMessageListenerContainer.java:1489)\r\n\tat org.springframework.amqp.rabbit.listener.SimpleMessageListenerContainer$AsyncMessageProcessingConsumer.run(SimpleMessageListenerContainer.java:1328)\r\n\tat java.base/java.lang.Thread.run(Thread.java:1583)\r\nCaused by: java.net.ConnectException: Connection refused: getsockopt\r\n\tat java.base/sun.nio.ch.Net.pollConnect(Native Method)\r\n\tat java.base/sun.nio.ch.Net.pollConnectNow(Net.java:682)\r\n\tat java.base/sun.nio.ch.NioSocketImpl.timedFinishConnect(NioSocketImpl.java:542)\r\n\tat java.base/sun.nio.ch.NioSocketImpl.connect(NioSocketImpl.java:592)\r\n\tat java.base/java.net.SocksSocketImpl.connect(SocksSocketImpl.java:327)\r\n\tat java.base/java.net.Socket.connect(Socket.java:751)\r\n\tat com.rabbitmq.client.impl.SocketFrameHandlerFactory.create(SocketFrameHandlerFactory.java:61)\r\n\tat com.rabbitmq.client.ConnectionFactory.newConnection(ConnectionFactory.java:1249)\r\n\tat com.rabbitmq.client.ConnectionFactory.newConnection(ConnectionFactory.java:1198)\r\n\tat org.springframework.amqp.rabbit.connection.AbstractConnectionFactory.connectAddresses(AbstractConnectionFactory.java:678)\r\n\tat org.springframework.amqp.rabbit.connection.AbstractConnectionFactory.connect(AbstractConnectionFactory.java:647)\r\n\tat org.springframework.amqp.rabbit.connection.AbstractConnectionFactory.createBareConnection(AbstractConnectionFactory.java:593)\r\n\t... 12 common frames omitted\r\n"}
{"@timestamp":"2025-12-22T16:24:14.8657242+03:00","@version":"1","message":"Attempting to connect to: [localhost:5672]","logger_name":"org.springframework.amqp.rabbit.connection.CachingConnectionFactory","thread_name":"org.springframework.amqp.rabbit.RabbitListenerEndpointContainer#0-1","level":"INFO","level_value":20000}
{"@timestamp":"2025-12-22T16:24:14.8776436+03:00","@version":"1","message":"Started DemoRestApplicationTests in 3.835 seconds (process running for 4.646)","logger_name":"edu.rutmiit.demo.demorest.DemoRestApplicationTests","thread_name":"main","level":"INFO","level_value":20000}
]]></system-out>
    <system-err><![CDATA[Mockito is currently self-attaching to enable the inline-mock-maker. This will no longer work in future releases of the JDK. Please add Mockito as an agent to your build as described in Mockito's documentation: https://javadoc.io/doc/org.mockito/mockito-core/latest/org.mockito/org/mockito/Mockito.html#0.3
WARNING: A Java agent has been loaded dynamically (C:\Users\Muhta\.m2\repository\net\bytebuddy\byte-buddy-agent\1.17.7\byte-buddy-agent-1.17.7.jar)
WARNING: If a serviceability tool is in use, please run with -XX:+EnableDynamicAgentLoading to hide this warning
WARNING: If a serviceability tool is not in use, please run with -Djdk.instrument.traceUsage for more information
WARNING: Dynamic loading of agents will be disallowed by default in a future release
]]></system-err>
  </testcase>
</testsuite>